mode: set
github.com/ummuys/reportify/services/report-worker/internal/service/methods.go:29.115,39.2 2 1
github.com/ummuys/reportify/services/report-worker/internal/service/methods.go:41.80,48.17 2 1
github.com/ummuys/reportify/services/report-worker/internal/service/methods.go:48.17,57.3 3 1
github.com/ummuys/reportify/services/report-worker/internal/service/methods.go:59.2,60.16 2 1
github.com/ummuys/reportify/services/report-worker/internal/service/methods.go:60.16,69.3 3 1
github.com/ummuys/reportify/services/report-worker/internal/service/methods.go:71.2,72.16 2 1
github.com/ummuys/reportify/services/report-worker/internal/service/methods.go:72.16,81.3 3 1
github.com/ummuys/reportify/services/report-worker/internal/service/methods.go:83.2,87.21 3 1
github.com/ummuys/reportify/services/report-worker/internal/service/methods.go:87.21,98.22 4 1
github.com/ummuys/reportify/services/report-worker/internal/service/methods.go:99.14,100.30 1 1
github.com/ummuys/reportify/services/report-worker/internal/service/methods.go:101.15,102.31 1 1
github.com/ummuys/reportify/services/report-worker/internal/service/methods.go:103.15,104.31 1 1
github.com/ummuys/reportify/services/report-worker/internal/service/methods.go:105.14,106.30 1 1
github.com/ummuys/reportify/services/report-worker/internal/service/methods.go:107.15,108.31 1 1
github.com/ummuys/reportify/services/report-worker/internal/service/methods.go:109.11,110.59 1 1
github.com/ummuys/reportify/services/report-worker/internal/service/methods.go:113.3,113.17 1 1
github.com/ummuys/reportify/services/report-worker/internal/service/methods.go:113.17,122.4 2 1
github.com/ummuys/reportify/services/report-worker/internal/service/methods.go:124.3,124.13 1 1
github.com/ummuys/reportify/services/report-worker/internal/service/methods.go:127.2,130.21 3 1
github.com/ummuys/reportify/services/report-worker/internal/service/methods.go:130.21,141.18 3 1
github.com/ummuys/reportify/services/report-worker/internal/service/methods.go:141.18,150.4 3 1
github.com/ummuys/reportify/services/report-worker/internal/service/methods.go:152.3,153.13 2 1
github.com/ummuys/reportify/services/report-worker/internal/service/methods.go:156.2,156.34 1 1
github.com/ummuys/reportify/services/report-worker/internal/service/methods.go:156.34,159.3 2 1
github.com/ummuys/reportify/services/report-worker/internal/service/methods.go:161.2,169.17 2 1
github.com/ummuys/reportify/services/report-worker/internal/service/methods.go:169.17,178.3 3 1
github.com/ummuys/reportify/services/report-worker/internal/service/methods.go:180.2,180.88 1 1
github.com/ummuys/reportify/services/report-worker/internal/service/methods.go:180.88,186.3 1 1
github.com/ummuys/reportify/services/report-worker/internal/service/methods.go:188.2,193.12 2 1
github.com/ummuys/reportify/services/report-worker/internal/service/methods.go:196.95,202.84 4 1
github.com/ummuys/reportify/services/report-worker/internal/service/methods.go:202.84,208.3 1 1
github.com/ummuys/reportify/services/report-worker/internal/service/methods.go:210.2,215.18 1 1
github.com/ummuys/reportify/services/report-worker/internal/service/methods.go:215.18,221.3 1 1
github.com/ummuys/reportify/services/report-worker/internal/service/methods.go:224.62,227.6 2 0
github.com/ummuys/reportify/services/report-worker/internal/service/methods.go:227.6,228.10 1 0
github.com/ummuys/reportify/services/report-worker/internal/service/methods.go:229.21,230.14 1 0
github.com/ummuys/reportify/services/report-worker/internal/service/methods.go:231.14,231.14 0 0
